# JRE version: OpenJDK Runtime Environment (8.0_76-b03) (build 1.8.0_76-release-b03)
# Java VM: OpenJDK 64-Bit Server VM (25.76-b03 mixed mode windows-amd64 compressed oops)
Heap:
 PSYoungGen      total 138240K, used 30467K [0x00000000eab00000, 0x00000000fd500000, 0x0000000100000000)
  eden space 133120K, 22% used [0x00000000eab00000,0x00000000ec8c0f40,0x00000000f2d00000)
  from space 5120K, 0% used [0x00000000f2d00000,0x00000000f2d00000,0x00000000f3200000)
  to   space 60928K, 0% used [0x00000000f9980000,0x00000000f9980000,0x00000000fd500000)
 ParOldGen       total 147968K, used 77201K [0x00000000c0000000, 0x00000000c9080000, 0x00000000eab00000)
  object space 147968K, 52% used [0x00000000c0000000,0x00000000c4b64510,0x00000000c9080000)
 Metaspace       used 6021K, capacity 7088K, committed 7296K, reserved 1056768K
  class space    used 561K, capacity 616K, committed 640K, reserved 1048576K
GC Heap History (10 events):
Event: 1.270 GC heap before
{Heap before GC invocations=4 (full 0):
 PSYoungGen      total 71680K, used 71671K [0x00000000eab00000, 0x00000000f3700000, 0x0000000100000000)
  eden space 66560K, 100% used [0x00000000eab00000,0x00000000eec00000,0x00000000eec00000)
  from space 5120K, 99% used [0x00000000eec00000,0x00000000ef0fdf68,0x00000000ef100000)
  to   space 5120K, 0% used [0x00000000f3200000,0x00000000f3200000,0x00000000f3700000)
 ParOldGen       total 87552K, used 21065K [0x00000000c0000000, 0x00000000c5580000, 0x00000000eab00000)
  object space 87552K, 24% used [0x00000000c0000000,0x00000000c1492410,0x00000000c5580000)
 Metaspace       used 5930K, capacity 7024K, committed 7296K, reserved 1056768K
  class space    used 560K, capacity 616K, committed 640K, reserved 1048576K
Event: 1.348 GC heap after
Heap after GC invocations=4 (full 0):
 PSYoungGen      total 138240K, used 5111K [0x00000000eab00000, 0x00000000f3700000, 0x0000000100000000)
  eden space 133120K, 0% used [0x00000000eab00000,0x00000000eab00000,0x00000000f2d00000)
  from space 5120K, 99% used [0x00000000f3200000,0x00000000f36fdf48,0x00000000f3700000)
  to   space 5120K, 0% used [0x00000000f2d00000,0x00000000f2d00000,0x00000000f3200000)
 ParOldGen       total 87552K, used 57347K [0x00000000c0000000, 0x00000000c5580000, 0x00000000eab00000)
  object space 87552K, 65% used [0x00000000c0000000,0x00000000c3800f10,0x00000000c5580000)
 Metaspace       used 5930K, capacity 7024K, committed 7296K, reserved 1056768K
  class space    used 560K, capacity 616K, committed 640K, reserved 1048576K
}
Event: 1.348 GC heap before
{Heap before GC invocations=5 (full 1):
 PSYoungGen      total 138240K, used 5111K [0x00000000eab00000, 0x00000000f3700000, 0x0000000100000000)
  eden space 133120K, 0% used [0x00000000eab00000,0x00000000eab00000,0x00000000f2d00000)
  from space 5120K, 99% used [0x00000000f3200000,0x00000000f36fdf48,0x00000000f3700000)
  to   space 5120K, 0% used [0x00000000f2d00000,0x00000000f2d00000,0x00000000f3200000)
 ParOldGen       total 87552K, used 57347K [0x00000000c0000000, 0x00000000c5580000, 0x00000000eab00000)
  object space 87552K, 65% used [0x00000000c0000000,0x00000000c3800f10,0x00000000c5580000)
 Metaspace       used 5930K, capacity 7024K, committed 7296K, reserved 1056768K
  class space    used 560K, capacity 616K, committed 640K, reserved 1048576K
Event: 1.686 GC heap after
Heap after GC invocations=5 (full 1):
 PSYoungGen      total 138240K, used 0K [0x00000000eab00000, 0x00000000f3700000, 0x0000000100000000)
  eden space 133120K, 0% used [0x00000000eab00000,0x00000000eab00000,0x00000000f2d00000)
  from space 5120K, 0% used [0x00000000f3200000,0x00000000f3200000,0x00000000f3700000)
  to   space 5120K, 0% used [0x00000000f2d00000,0x00000000f2d00000,0x00000000f3200000)
 ParOldGen       total 147968K, used 56951K [0x00000000c0000000, 0x00000000c9080000, 0x00000000eab00000)
  object space 147968K, 38% used [0x00000000c0000000,0x00000000c379dd50,0x00000000c9080000)
 Metaspace       used 5930K, capacity 7024K, committed 7296K, reserved 1056768K
  class space    used 560K, capacity 616K, committed 640K, reserved 1048576K
}
Event: 2.072 GC heap before
{Heap before GC invocations=6 (full 1):
 PSYoungGen      total 138240K, used 133120K [0x00000000eab00000, 0x00000000f3700000, 0x0000000100000000)
  eden space 133120K, 100% used [0x00000000eab00000,0x00000000f2d00000,0x00000000f2d00000)
  from space 5120K, 0% used [0x00000000f3200000,0x00000000f3200000,0x00000000f3700000)
  to   space 5120K, 0% used [0x00000000f2d00000,0x00000000f2d00000,0x00000000f3200000)
 ParOldGen       total 147968K, used 56951K [0x00000000c0000000, 0x00000000c9080000, 0x00000000eab00000)
  object space 147968K, 38% used [0x00000000c0000000,0x00000000c379dd50,0x00000000c9080000)
 Metaspace       used 5936K, capacity 7024K, committed 7296K, reserved 1056768K
  class space    used 561K, capacity 616K, committed 640K, reserved 1048576K
Event: 2.103 GC heap after
Heap after GC invocations=6 (full 1):
 PSYoungGen      total 138240K, used 5120K [0x00000000eab00000, 0x00000000fd500000, 0x0000000100000000)
  eden space 133120K, 0% used [0x00000000eab00000,0x00000000eab00000,0x00000000f2d00000)
  from space 5120K, 100% used [0x00000000f2d00000,0x00000000f3200000,0x00000000f3200000)
  to   space 60928K, 0% used [0x00000000f9980000,0x00000000f9980000,0x00000000fd500000)
 ParOldGen       total 147968K, used 104114K [0x00000000c0000000, 0x00000000c9080000, 0x00000000eab00000)
  object space 147968K, 70% used [0x00000000c0000000,0x00000000c65aca38,0x00000000c9080000)
 Metaspace       used 5936K, capacity 7024K, committed 7296K, reserved 1056768K
  class space    used 561K, capacity 616K, committed 640K, reserved 1048576K
}
Event: 2.103 GC heap before
{Heap before GC invocations=7 (full 2):
 PSYoungGen      total 138240K, used 5120K [0x00000000eab00000, 0x00000000fd500000, 0x0000000100000000)
  eden space 133120K, 0% used [0x00000000eab00000,0x00000000eab00000,0x00000000f2d00000)
  from space 5120K, 100% used [0x00000000f2d00000,0x00000000f3200000,0x00000000f3200000)
  to   space 60928K, 0% used [0x00000000f9980000,0x00000000f9980000,0x00000000fd500000)
 ParOldGen       total 147968K, used 104114K [0x00000000c0000000, 0x00000000c9080000, 0x00000000eab00000)
  object space 147968K, 70% used [0x00000000c0000000,0x00000000c65aca38,0x00000000c9080000)
 Metaspace       used 5936K, capacity 7024K, committed 7296K, reserved 1056768K
  class space    used 561K, capacity 616K, committed 640K, reserved 1048576K
Event: 2.315 GC heap after
Heap after GC invocations=7 (full 2):
 PSYoungGen      total 138240K, used 0K [0x00000000eab00000, 0x00000000fd500000, 0x0000000100000000)
  eden space 133120K, 0% used [0x00000000eab00000,0x00000000eab00000,0x00000000f2d00000)
  from space 5120K, 0% used [0x00000000f2d00000,0x00000000f2d00000,0x00000000f3200000)
  to   space 60928K, 0% used [0x00000000f9980000,0x00000000f9980000,0x00000000fd500000)
 ParOldGen       total 147968K, used 103081K [0x00000000c0000000, 0x00000000c9080000, 0x00000000eab00000)
  object space 147968K, 69% used [0x00000000c0000000,0x00000000c64aa5a0,0x00000000c9080000)
 Metaspace       used 5936K, capacity 7024K, committed 7296K, reserved 1056768K
  class space    used 561K, capacity 616K, committed 640K, reserved 1048576K
}
Event: 2.863 GC heap before
{Heap before GC invocations=8 (full 3):
 PSYoungGen      total 138240K, used 133120K [0x00000000eab00000, 0x00000000fd500000, 0x0000000100000000)
  eden space 133120K, 100% used [0x00000000eab00000,0x00000000f2d00000,0x00000000f2d00000)
  from space 5120K, 0% used [0x00000000f2d00000,0x00000000f2d00000,0x00000000f3200000)
  to   space 60928K, 0% used [0x00000000f9980000,0x00000000f9980000,0x00000000fd500000)
 ParOldGen       total 147968K, used 103081K [0x00000000c0000000, 0x00000000c9080000, 0x00000000eab00000)
  object space 147968K, 69% used [0x00000000c0000000,0x00000000c64aa5a0,0x00000000c9080000)
 Metaspace       used 6011K, capacity 7088K, committed 7296K, reserved 1056768K
  class space    used 561K, capacity 616K, committed 640K, reserved 1048576K
Event: 4.418 GC heap after
Heap after GC invocations=8 (full 3):
 PSYoungGen      total 138240K, used 0K [0x00000000eab00000, 0x00000000fd500000, 0x0000000100000000)
  eden space 133120K, 0% used [0x00000000eab00000,0x00000000eab00000,0x00000000f2d00000)
  from space 5120K, 0% used [0x00000000f2d00000,0x00000000f2d00000,0x00000000f3200000)
  to   space 60928K, 0% used [0x00000000f9980000,0x00000000f9980000,0x00000000fd500000)
 ParOldGen       total 147968K, used 77201K [0x00000000c0000000, 0x00000000c9080000, 0x00000000eab00000)
  object space 147968K, 52% used [0x00000000c0000000,0x00000000c4b64510,0x00000000c9080000)
 Metaspace       used 6011K, capacity 7088K, committed 7296K, reserved 1056768K
  class space    used 561K, capacity 616K, committed 640K, reserved 1048576K
}

